13-Apr-2017 15:59:36.440 INFO [main] org.apache.catalina.startup.VersionLoggerListener.log Server version:        Apache Tomcat/8.0.43
13-Apr-2017 15:59:36.471 INFO [main] org.apache.catalina.startup.VersionLoggerListener.log Server built:          Mar 28 2017 14:42:59 UTC
13-Apr-2017 15:59:36.471 INFO [main] org.apache.catalina.startup.VersionLoggerListener.log Server number:         8.0.43.0
13-Apr-2017 15:59:36.471 INFO [main] org.apache.catalina.startup.VersionLoggerListener.log OS Name:               Windows Server 2012
13-Apr-2017 15:59:36.471 INFO [main] org.apache.catalina.startup.VersionLoggerListener.log OS Version:            6.2
13-Apr-2017 15:59:36.471 INFO [main] org.apache.catalina.startup.VersionLoggerListener.log Architecture:          amd64
13-Apr-2017 15:59:36.471 INFO [main] org.apache.catalina.startup.VersionLoggerListener.log Java Home:             D:\Program Files\Java\jdk1.7.0_51\jre
13-Apr-2017 15:59:36.471 INFO [main] org.apache.catalina.startup.VersionLoggerListener.log JVM Version:           1.7.0_51-b13
13-Apr-2017 15:59:36.471 INFO [main] org.apache.catalina.startup.VersionLoggerListener.log JVM Vendor:            Oracle Corporation
13-Apr-2017 15:59:36.471 INFO [main] org.apache.catalina.startup.VersionLoggerListener.log CATALINA_BASE:         D:\home\site\wwwroot\bin\apache-tomcat-8.0.43
13-Apr-2017 15:59:36.471 INFO [main] org.apache.catalina.startup.VersionLoggerListener.log CATALINA_HOME:         D:\home\site\wwwroot\bin\apache-tomcat-8.0.43
13-Apr-2017 15:59:36.487 INFO [main] org.apache.catalina.startup.VersionLoggerListener.log Command line argument: -Djava.util.logging.config.file=d:\home\site\wwwroot\bin\apache-tomcat-8.0.43\conf\logging.properties
13-Apr-2017 15:59:36.487 INFO [main] org.apache.catalina.startup.VersionLoggerListener.log Command line argument: -Djava.util.logging.manager=org.apache.juli.ClassLoaderLogManager
13-Apr-2017 15:59:36.487 INFO [main] org.apache.catalina.startup.VersionLoggerListener.log Command line argument: -Djava.net.preferIPv4Stack=true
13-Apr-2017 15:59:36.487 INFO [main] org.apache.catalina.startup.VersionLoggerListener.log Command line argument: -Djdk.tls.ephemeralDHKeySize=2048
13-Apr-2017 15:59:36.487 INFO [main] org.apache.catalina.startup.VersionLoggerListener.log Command line argument: -Djava.protocol.handler.pkgs=org.apache.catalina.webresources
13-Apr-2017 15:59:36.487 INFO [main] org.apache.catalina.startup.VersionLoggerListener.log Command line argument: -Dport.http=33030
13-Apr-2017 15:59:36.487 INFO [main] org.apache.catalina.startup.VersionLoggerListener.log Command line argument: -Djava.endorsed.dirs=d:\home\site\wwwroot\bin\apache-tomcat-8.0.43\endorsed
13-Apr-2017 15:59:36.487 INFO [main] org.apache.catalina.startup.VersionLoggerListener.log Command line argument: -Dcatalina.base=d:\home\site\wwwroot\bin\apache-tomcat-8.0.43
13-Apr-2017 15:59:36.487 INFO [main] org.apache.catalina.startup.VersionLoggerListener.log Command line argument: -Dcatalina.home=d:\home\site\wwwroot\bin\apache-tomcat-8.0.43
13-Apr-2017 15:59:36.487 INFO [main] org.apache.catalina.startup.VersionLoggerListener.log Command line argument: -Djava.io.tmpdir=d:\home\site\wwwroot\bin\apache-tomcat-8.0.43\temp
13-Apr-2017 15:59:36.487 INFO [main] org.apache.catalina.core.AprLifecycleListener.lifecycleEvent The APR based Apache Tomcat Native library which allows optimal performance in production environments was not found on the java.library.path: D:\Program Files\Java\jdk1.7.0_51\bin;D:\Windows\Sun\Java\bin;D:\Windows\system32;D:\Windows;D:\Program Files (x86)\nodejs;D:\Windows\system32;D:\Windows;D:\Windows\System32\Wbem;D:\Windows\System32\WindowsPowerShell\v1.0\;D:\Program Files (x86)\Git\cmd;D:\Program Files\Microsoft Network Monitor 3\;D:\Program Files (x86)\dotnet;D:\Program Files (x86)\PHP\v5.6;D:\Python27;;.
13-Apr-2017 15:59:37.252 INFO [main] org.apache.coyote.AbstractProtocol.init Initializing ProtocolHandler ["http-nio-127.0.0.1-33030"]
13-Apr-2017 15:59:37.346 INFO [main] org.apache.tomcat.util.net.NioSelectorPool.getSharedSelector Using a shared selector for servlet write/read
13-Apr-2017 15:59:37.362 INFO [main] org.apache.coyote.AbstractProtocol.init Initializing ProtocolHandler ["ajp-nio-8009"]
13-Apr-2017 15:59:37.362 INFO [main] org.apache.tomcat.util.net.NioSelectorPool.getSharedSelector Using a shared selector for servlet write/read
13-Apr-2017 15:59:37.362 INFO [main] org.apache.catalina.startup.Catalina.load Initialization processed in 3293 ms
13-Apr-2017 15:59:37.518 INFO [main] org.apache.catalina.core.StandardService.startInternal Starting service Catalina
13-Apr-2017 15:59:37.518 INFO [main] org.apache.catalina.core.StandardEngine.startInternal Starting Servlet Engine: Apache Tomcat/8.0.43
13-Apr-2017 15:59:37.567 INFO [localhost-startStop-1] org.apache.catalina.startup.HostConfig.deployDirectory Deploying web application directory D:\home\site\wwwroot\bin\apache-tomcat-8.0.43\webapps\docs
13-Apr-2017 15:59:45.813 INFO [localhost-startStop-1] org.apache.catalina.util.SessionIdGeneratorBase.createSecureRandom Creation of SecureRandom instance for session ID generation using [SHA1PRNG] took [5,031] milliseconds.
13-Apr-2017 15:59:46.126 INFO [localhost-startStop-1] org.apache.catalina.startup.HostConfig.deployDirectory Deployment of web application directory D:\home\site\wwwroot\bin\apache-tomcat-8.0.43\webapps\docs has finished in 8,559 ms
13-Apr-2017 15:59:46.126 INFO [localhost-startStop-1] org.apache.catalina.startup.HostConfig.deployDirectory Deploying web application directory D:\home\site\wwwroot\bin\apache-tomcat-8.0.43\webapps\examples
13-Apr-2017 15:59:51.662 INFO [localhost-startStop-1] org.apache.catalina.startup.HostConfig.deployDirectory Deployment of web application directory D:\home\site\wwwroot\bin\apache-tomcat-8.0.43\webapps\examples has finished in 5,536 ms
13-Apr-2017 15:59:51.662 INFO [localhost-startStop-1] org.apache.catalina.startup.HostConfig.deployDirectory Deploying web application directory D:\home\site\wwwroot\bin\apache-tomcat-8.0.43\webapps\host-manager
13-Apr-2017 15:59:51.943 INFO [localhost-startStop-1] org.apache.catalina.startup.HostConfig.deployDirectory Deployment of web application directory D:\home\site\wwwroot\bin\apache-tomcat-8.0.43\webapps\host-manager has finished in 281 ms
13-Apr-2017 15:59:51.943 INFO [localhost-startStop-1] org.apache.catalina.startup.HostConfig.deployDirectory Deploying web application directory D:\home\site\wwwroot\bin\apache-tomcat-8.0.43\webapps\manager
13-Apr-2017 15:59:52.193 INFO [localhost-startStop-1] org.apache.catalina.startup.HostConfig.deployDirectory Deployment of web application directory D:\home\site\wwwroot\bin\apache-tomcat-8.0.43\webapps\manager has finished in 250 ms
13-Apr-2017 15:59:52.193 INFO [localhost-startStop-1] org.apache.catalina.startup.HostConfig.deployDirectory Deploying web application directory D:\home\site\wwwroot\bin\apache-tomcat-8.0.43\webapps\ROOT
13-Apr-2017 15:59:52.287 INFO [localhost-startStop-1] org.apache.catalina.startup.HostConfig.deployDirectory Deployment of web application directory D:\home\site\wwwroot\bin\apache-tomcat-8.0.43\webapps\ROOT has finished in 94 ms
13-Apr-2017 15:59:52.287 INFO [main] org.apache.coyote.AbstractProtocol.start Starting ProtocolHandler ["http-nio-127.0.0.1-33030"]
13-Apr-2017 15:59:52.318 INFO [main] org.apache.coyote.AbstractProtocol.start Starting ProtocolHandler ["ajp-nio-8009"]
13-Apr-2017 15:59:52.334 INFO [main] org.apache.catalina.startup.Catalina.start Server startup in 14968 ms
